<?xml version="1.0" encoding="UTF-8"?>
<!-- Generated by org.testng.reporters.JUnitReportReporter -->
<testsuite hostname="ShekarSharma-PC" name="com.flip.Flipkart" tests="1" failures="0" timestamp="31 Jul 2015 08:52:34 GMT" time="0.000" errors="0">
  <testcase name="f" time="0.000" classname="com.flip.Flipkart"/>
</testsuite> <!-- com.flip.Flipkart -->
