<?xml version="1.0" encoding="UTF-8"?>
<!-- Generated by org.testng.reporters.JUnitReportReporter -->
<testsuite hostname="Shesharm-VAIO" name="com.listener.TryListener" tests="1" failures="0" timestamp="22 Jul 2015 10:11:16 GMT" time="0.033" errors="0">
  <testcase name="LoginYahoo" time="0.033" classname="com.listener.TryListener"/>
</testsuite> <!-- com.listener.TryListener -->
