<?xml version="1.0" encoding="UTF-8"?>
<!-- Generated by org.testng.reporters.JUnitReportReporter -->
<testsuite hostname="ShekarSharma-PC" name="testng_listener.TryListener" tests="1" failures="0" timestamp="31 Jul 2015 08:52:34 GMT" time="0.000" errors="0">
  <testcase name="LoginYahoo" time="0.000" classname="testng_listener.TryListener"/>
</testsuite> <!-- testng_listener.TryListener -->
