<?xml version="1.0" encoding="UTF-8"?>
<!-- Generated by org.testng.reporters.JUnitReportReporter -->
<testsuite hostname="ShekarSharma-PC" name="com.Google.GmailLogin" tests="2" failures="0" timestamp="31 Jul 2015 08:52:34 GMT" time="0.001" errors="0">
  <testcase name="Login" time="0.001" classname="com.Google.GmailLogin"/>
  <testcase name="Login" time="0.000" classname="com.Google.GmailLogin"/>
</testsuite> <!-- com.Google.GmailLogin -->
